<?xml version="1.0" encoding="UTF-8"?>
<testsuite xmlns:xsi="http://www.w3.org/2001/XMLSchema-instance" xsi:noNamespaceSchemaLocation="https://maven.apache.org/surefire/maven-surefire-plugin/xsd/surefire-test-report.xsd" name="org.seckill.dao.SuccessKilledDaoTest" time="0.033" tests="2" errors="0" skipped="0" failures="0">
  <properties>
    <property name="sun.desktop" value="windows"/>
    <property name="awt.toolkit" value="sun.awt.windows.WToolkit"/>
    <property name="file.encoding.pkg" value="sun.io"/>
    <property name="java.specification.version" value="1.8"/>
    <property name="sun.cpu.isalist" value="amd64"/>
    <property name="sun.jnu.encoding" value="GBK"/>
    <property name="java.class.path" value="D:\workspace\Train\HighConcurrency\seckill\target\test-classes;D:\workspace\Train\HighConcurrency\seckill\target\classes;E:\Java\repository\junit\junit\4.12\junit-4.12.jar;E:\Java\repository\org\hamcrest\hamcrest-core\1.3\hamcrest-core-1.3.jar;E:\Java\repository\org\slf4j\slf4j-api\1.7.12\slf4j-api-1.7.12.jar;E:\Java\repository\ch\qos\logback\logback-core\1.1.10\logback-core-1.1.10.jar;E:\Java\repository\ch\qos\logback\logback-classic\1.1.10\logback-classic-1.1.10.jar;E:\Java\repository\mysql\mysql-connector-java\5.1.35\mysql-connector-java-5.1.35.jar;E:\Java\repository\com\mchange\c3p0\0.9.5.2\c3p0-0.9.5.2.jar;E:\Java\repository\com\mchange\mchange-commons-java\0.2.11\mchange-commons-java-0.2.11.jar;E:\Java\repository\org\mybatis\mybatis\3.5.9\mybatis-3.5.9.jar;E:\Java\repository\org\mybatis\mybatis-spring\2.0.7\mybatis-spring-2.0.7.jar;E:\Java\repository\taglibs\standard\1.1.2\standard-1.1.2.jar;E:\Java\repository\jstl\jstl\1.2\jstl-1.2.jar;E:\Java\repository\com\fasterxml\jackson\core\jackson-databind\2.2.3\jackson-databind-2.2.3.jar;E:\Java\repository\com\fasterxml\jackson\core\jackson-annotations\2.2.3\jackson-annotations-2.2.3.jar;E:\Java\repository\com\fasterxml\jackson\core\jackson-core\2.2.3\jackson-core-2.2.3.jar;E:\Java\repository\javax\servlet\javax.servlet-api\4.0.1\javax.servlet-api-4.0.1.jar;E:\Java\repository\org\springframework\spring-core\4.1.7.RELEASE\spring-core-4.1.7.RELEASE.jar;E:\Java\repository\commons-logging\commons-logging\1.2\commons-logging-1.2.jar;E:\Java\repository\org\springframework\spring-beans\4.1.7.RELEASE\spring-beans-4.1.7.RELEASE.jar;E:\Java\repository\org\springframework\spring-jdbc\4.1.7.RELEASE\spring-jdbc-4.1.7.RELEASE.jar;E:\Java\repository\org\springframework\spring-tx\4.1.7.RELEASE\spring-tx-4.1.7.RELEASE.jar;E:\Java\repository\org\springframework\spring-web\4.1.7.RELEASE\spring-web-4.1.7.RELEASE.jar;E:\Java\repository\org\springframework\spring-aop\4.1.7.RELEASE\spring-aop-4.1.7.RELEASE.jar;E:\Java\repository\aopalliance\aopalliance\1.0\aopalliance-1.0.jar;E:\Java\repository\org\springframework\spring-context\4.1.7.RELEASE\spring-context-4.1.7.RELEASE.jar;E:\Java\repository\org\springframework\spring-webmvc\4.1.7.RELEASE\spring-webmvc-4.1.7.RELEASE.jar;E:\Java\repository\org\springframework\spring-expression\4.1.7.RELEASE\spring-expression-4.1.7.RELEASE.jar;E:\Java\repository\org\springframework\spring-test\4.1.7.RELEASE\spring-test-4.1.7.RELEASE.jar;E:\Java\repository\org\jboss\jboss-vfs\3.2.15.Final\jboss-vfs-3.2.15.Final.jar;E:\Java\repository\org\jboss\logging\jboss-logging\3.1.4.GA\jboss-logging-3.1.4.GA.jar;"/>
    <property name="java.vm.vendor" value="Oracle Corporation"/>
    <property name="sun.arch.data.model" value="64"/>
    <property name="user.variant" value=""/>
    <property name="java.vendor.url" value="http://java.oracle.com/"/>
    <property name="user.timezone" value="Asia/Shanghai"/>
    <property name="java.vm.specification.version" value="1.8"/>
    <property name="os.name" value="Windows 8.1"/>
    <property name="user.country" value="CN"/>
    <property name="sun.java.launcher" value="SUN_STANDARD"/>
    <property name="sun.boot.library.path" value="E:\Java\JDK\jdk1.8.0_40\bin"/>
    <property name="sun.java.command" value="C:\Users\ADMINI~1\AppData\Local\Temp\surefire4778933698202869363\surefirebooter5570656545951784509.jar C:\Users\Administrator\AppData\Local\Temp\surefire4778933698202869363 2022-08-25T11-50-33_517-jvmRun1 surefire1344858349035087273tmp surefire_01363497222696933128tmp"/>
    <property name="surefire.test.class.path" value="D:\workspace\Train\HighConcurrency\seckill\target\test-classes;D:\workspace\Train\HighConcurrency\seckill\target\classes;E:\Java\repository\junit\junit\4.12\junit-4.12.jar;E:\Java\repository\org\hamcrest\hamcrest-core\1.3\hamcrest-core-1.3.jar;E:\Java\repository\org\slf4j\slf4j-api\1.7.12\slf4j-api-1.7.12.jar;E:\Java\repository\ch\qos\logback\logback-core\1.1.10\logback-core-1.1.10.jar;E:\Java\repository\ch\qos\logback\logback-classic\1.1.10\logback-classic-1.1.10.jar;E:\Java\repository\mysql\mysql-connector-java\5.1.35\mysql-connector-java-5.1.35.jar;E:\Java\repository\com\mchange\c3p0\0.9.5.2\c3p0-0.9.5.2.jar;E:\Java\repository\com\mchange\mchange-commons-java\0.2.11\mchange-commons-java-0.2.11.jar;E:\Java\repository\org\mybatis\mybatis\3.5.9\mybatis-3.5.9.jar;E:\Java\repository\org\mybatis\mybatis-spring\2.0.7\mybatis-spring-2.0.7.jar;E:\Java\repository\taglibs\standard\1.1.2\standard-1.1.2.jar;E:\Java\repository\jstl\jstl\1.2\jstl-1.2.jar;E:\Java\repository\com\fasterxml\jackson\core\jackson-databind\2.2.3\jackson-databind-2.2.3.jar;E:\Java\repository\com\fasterxml\jackson\core\jackson-annotations\2.2.3\jackson-annotations-2.2.3.jar;E:\Java\repository\com\fasterxml\jackson\core\jackson-core\2.2.3\jackson-core-2.2.3.jar;E:\Java\repository\javax\servlet\javax.servlet-api\4.0.1\javax.servlet-api-4.0.1.jar;E:\Java\repository\org\springframework\spring-core\4.1.7.RELEASE\spring-core-4.1.7.RELEASE.jar;E:\Java\repository\commons-logging\commons-logging\1.2\commons-logging-1.2.jar;E:\Java\repository\org\springframework\spring-beans\4.1.7.RELEASE\spring-beans-4.1.7.RELEASE.jar;E:\Java\repository\org\springframework\spring-jdbc\4.1.7.RELEASE\spring-jdbc-4.1.7.RELEASE.jar;E:\Java\repository\org\springframework\spring-tx\4.1.7.RELEASE\spring-tx-4.1.7.RELEASE.jar;E:\Java\repository\org\springframework\spring-web\4.1.7.RELEASE\spring-web-4.1.7.RELEASE.jar;E:\Java\repository\org\springframework\spring-aop\4.1.7.RELEASE\spring-aop-4.1.7.RELEASE.jar;E:\Java\repository\aopalliance\aopalliance\1.0\aopalliance-1.0.jar;E:\Java\repository\org\springframework\spring-context\4.1.7.RELEASE\spring-context-4.1.7.RELEASE.jar;E:\Java\repository\org\springframework\spring-webmvc\4.1.7.RELEASE\spring-webmvc-4.1.7.RELEASE.jar;E:\Java\repository\org\springframework\spring-expression\4.1.7.RELEASE\spring-expression-4.1.7.RELEASE.jar;E:\Java\repository\org\springframework\spring-test\4.1.7.RELEASE\spring-test-4.1.7.RELEASE.jar;E:\Java\repository\org\jboss\jboss-vfs\3.2.15.Final\jboss-vfs-3.2.15.Final.jar;E:\Java\repository\org\jboss\logging\jboss-logging\3.1.4.GA\jboss-logging-3.1.4.GA.jar;"/>
    <property name="sun.cpu.endian" value="little"/>
    <property name="user.home" value="C:\Users\Administrator"/>
    <property name="user.language" value="zh"/>
    <property name="java.specification.vendor" value="Oracle Corporation"/>
    <property name="java.home" value="E:\Java\JDK\jdk1.8.0_40"/>
    <property name="basedir" value="D:\workspace\Train\HighConcurrency\seckill"/>
    <property name="file.separator" value="\"/>
    <property name="line.separator" value="&#10;"/>
    <property name="java.vm.specification.vendor" value="Oracle Corporation"/>
    <property name="java.specification.name" value="Java Platform API Specification"/>
    <property name="java.awt.graphicsenv" value="sun.awt.Win32GraphicsEnvironment"/>
    <property name="surefire.real.class.path" value="C:\Users\ADMINI~1\AppData\Local\Temp\surefire4778933698202869363\surefirebooter5570656545951784509.jar"/>
    <property name="sun.boot.class.path" value="E:\Java\JDK\jdk1.8.0_40\lib\resources.jar;E:\Java\JDK\jdk1.8.0_40\lib\rt.jar;E:\Java\JDK\jdk1.8.0_40\lib\sunrsasign.jar;E:\Java\JDK\jdk1.8.0_40\lib\jsse.jar;E:\Java\JDK\jdk1.8.0_40\lib\jce.jar;E:\Java\JDK\jdk1.8.0_40\lib\charsets.jar;E:\Java\JDK\jdk1.8.0_40\lib\jfr.jar;E:\Java\JDK\jdk1.8.0_40\classes"/>
    <property name="user.script" value=""/>
    <property name="sun.management.compiler" value="HotSpot 64-Bit Tiered Compilers"/>
    <property name="java.runtime.version" value="1.8.0_40-b25"/>
    <property name="user.name" value="Administrator"/>
    <property name="path.separator" value=";"/>
    <property name="os.version" value="6.3"/>
    <property name="java.endorsed.dirs" value="E:\Java\JDK\jdk1.8.0_40\lib\endorsed"/>
    <property name="java.runtime.name" value="Java(TM) SE Runtime Environment"/>
    <property name="file.encoding" value="GBK"/>
    <property name="java.vm.name" value="Java HotSpot(TM) 64-Bit Server VM"/>
    <property name="localRepository" value="E:\Java\repository"/>
    <property name="java.vendor.url.bug" value="http://bugreport.sun.com/bugreport/"/>
    <property name="java.io.tmpdir" value="C:\Users\ADMINI~1\AppData\Local\Temp\"/>
    <property name="java.version" value="1.8.0_40"/>
    <property name="user.dir" value="D:\workspace\Train\HighConcurrency\seckill"/>
    <property name="os.arch" value="amd64"/>
    <property name="java.vm.specification.name" value="Java Virtual Machine Specification"/>
    <property name="java.awt.printerjob" value="sun.awt.windows.WPrinterJob"/>
    <property name="sun.os.patch.level" value=""/>
    <property name="java.library.path" value="E:\Java\JDK\jdk1.8.0_40\bin;C:\WINDOWS\Sun\Java\bin;C:\WINDOWS\system32;C:\WINDOWS;E:\app\Administrator\product\10.2.0\bin;E:\app\Administrator\product\10.2.0;E:\app\Administrator\product\11.2.0\client_3\bin;E:\app\Administrator\product\11.2.0\client_2\bin;E:\app\Administrator\product\11.2.0\client_1;C:\Python39\Scripts\;C:\Python39\;C:\WINDOWS\system32;C:\WINDOWS;C:\WINDOWS\System32\Wbem;C:\WINDOWS\System32\WindowsPowerShell\v1.0\;C:\WINDOWS\System32\OpenSSH\;E:\Java\JDK\jdk1.8.0_40\bin;D:\Database\redis3.0.5;C:\Program Files\TortoiseSVN\bin;E:\Java\Maven\apache-maven-3.6.1\bin;D:\Tools\nodejs\;C:\ProgramData\chocolatey\bin;C:\Program Files\Git\bin;D:\Tools\Oracle\VirtualBox;C:\Users\Administrator\AppData\Roaming\Python\Python39\Scripts;C:\Program Files\Docker\Docker\resources\bin;C:\ProgramData\DockerDesktop\version-bin;C:\Users\Administrator\AppData\Local\Microsoft\WindowsApps;C:\Users\Administrator\AppData\Roaming\npm;d:\Fiddler;C:\Users\Administrator\AppData\Local\Microsoft\WindowsApps;C:\Users\Administrator\AppData\Local\GitHubDesktop\bin;D:\Tools\Fiddler;."/>
    <property name="java.vm.info" value="mixed mode"/>
    <property name="java.vendor" value="Oracle Corporation"/>
    <property name="java.vm.version" value="25.40-b25"/>
    <property name="java.ext.dirs" value="E:\Java\JDK\jdk1.8.0_40\lib\ext;C:\WINDOWS\Sun\Java\lib\ext"/>
    <property name="sun.io.unicode.encoding" value="UnicodeLittle"/>
    <property name="java.class.version" value="52.0"/>
  </properties>
  <testcase name="insertSuccessKilled" classname="org.seckill.dao.SuccessKilledDaoTest" time="0.005"/>
  <testcase name="queryByIdWithSeckill" classname="org.seckill.dao.SuccessKilledDaoTest" time="0.005"/>
</testsuite>